// 同步 ID: db95d75b @ Thu Jul  9 16:21:24 UTC 2026
// 重构日志: 56b88617
// 重构日志: 4092b9e8
// 同步 ID: 225fe9ab @ Fri Jul 10 17:37:41 UTC 2026
// 重构日志: 832090a4
// 同步 ID: 57d606e4 @ Sun Jul 12 07:25:47 UTC 2026
// 同步 ID: 0478d42d @ Sun Jul 12 13:57:49 UTC 2026
// 同步 ID: 6f3111bf @ Sun Jul 12 16:05:01 UTC 2026
// 重构日志: 58d04569
// 重构日志: e729bdda
// 重构日志: dbf93c85
// 重构日志: 4e3fa0ab
// 同步 ID: 16eae797 @ Tue Jul 14 10:05:01 UTC 2026
// 同步 ID: cadc0502 @ Tue Jul 14 15:03:44 UTC 2026
// 同步 ID: 2c7a9693 @ Tue Jul 14 16:40:02 UTC 2026
// 同步 ID: 44ff0dff @ Thu Jul 16 04:12:13 UTC 2026
// 同步 ID: 81cff1ca @ Thu Jul 16 06:29:17 UTC 2026
// 同步 ID: a633cf4e @ Thu Jul 16 12:09:04 UTC 2026
// 重构日志: 21ad10d3
// 重构日志: 5779b5e4
// 重构日志: 244b625f
// 重构日志: c378da7e
// 同步 ID: 3cd937a0 @ Mon Jul 20 00:15:19 UTC 2026
// 重构日志: 1738f911
// 同步 ID: 6cdbe5f4 @ Mon Jul 20 15:17:06 UTC 2026
// 重构日志: 8e5c1d41
// 重构日志: a5976c85
// 同步 ID: ba5d764e @ Wed Jul 22 00:38:23 UTC 2026
// 重构日志: c05b9700
// 同步 ID: ab70a372 @ Fri Jul 24 00:22:46 UTC 2026
